<?xml version="1.0" encoding="UTF-8"?>
<Site BuildName="(empty)"
	BuildStamp="20230928-1921-Experimental"
	Name="(empty)"
	Generator="ctest-3.27.5"
	CompilerName=""
	CompilerVersion=""
	OSName="macOS"
	Hostname="Air-von-Allan.sunrise.box"
	OSRelease="13.6"
	OSVersion="22G120"
	OSPlatform="arm64"
	Is64Bits="1"
	VendorString="IBM"
	VendorID="IBM"
	FamilyID="16777228"
	ModelID="2"
	ProcessorCacheSize="131072"
	NumberOfLogicalCPU="8"
	NumberOfPhysicalCPU="8"
	TotalVirtualMemory="3072"
	TotalPhysicalMemory="8192"
	LogicalProcessorsPerPhysical="8"
	ProcessorClockFrequency="0"
	>
	<Testing>
		<StartDateTime>Sep 28 21:21 CEST</StartDateTime>
		<StartTestTime>1695928878</StartTestTime>
		<TestList/>
		<EndDateTime>Sep 28 21:21 CEST</EndDateTime>
		<EndTestTime>1695928878</EndTestTime>
		<ElapsedMinutes>0</ElapsedMinutes>
	</Testing>
</Site>
